-------------------------------------------------------------------------------
Test set: hu.bme.mit.spaceship.GT4500Test
-------------------------------------------------------------------------------
Tests run: 3, Failures: 0, Errors: 3, Skipped: 0, Time elapsed: 4.265 s <<< FAILURE! - in hu.bme.mit.spaceship.GT4500Test
fireTorpedo_Single_Success  Time elapsed: 4.16 s  <<< ERROR!
org.mockito.exceptions.misusing.MissingMethodInvocationException: 

when() requires an argument which has to be 'a method call on a mock'.
For example:
    when(mock.getArticles()).thenReturn(articles);

Also, this error might show up because:
1. you stub either of: final/private/equals()/hashCode() methods.
   Those methods *cannot* be stubbed/verified.
   Mocking methods declared on non-public parent classes is not supported.
2. inside when() you don't call method on mock but on some other object.

	at hu.bme.mit.spaceship.GT4500Test.fireTorpedo_Single_Success(GT4500Test.java:26)

fireTorpedo_All_SecondStroeEmpthy  Time elapsed: 0 s  <<< ERROR!
java.lang.Error: 
Unresolved compilation problem: 
	The method when(T) in the type Mockito is not applicable for the arguments (TorpedoStore, TorpedoStore)

	at hu.bme.mit.spaceship.GT4500Test.fireTorpedo_All_SecondStroeEmpthy(GT4500Test.java:51)

fireTorpedo_All_Success  Time elapsed: 0.007 s  <<< ERROR!
org.mockito.exceptions.misusing.MissingMethodInvocationException: 

when() requires an argument which has to be 'a method call on a mock'.
For example:
    when(mock.getArticles()).thenReturn(articles);

Also, this error might show up because:
1. you stub either of: final/private/equals()/hashCode() methods.
   Those methods *cannot* be stubbed/verified.
   Mocking methods declared on non-public parent classes is not supported.
2. inside when() you don't call method on mock but on some other object.

	at hu.bme.mit.spaceship.GT4500Test.fireTorpedo_All_Success(GT4500Test.java:39)

